C:\Users\Mathivadhana\AppData\Local\Python\pythoncore-3.14-64\Lib\site-packages\opacus\privacy_engine.py:98: UserWarning: Secure RNG turned off. This is perfectly fine for experimentation as it allows for much faster training performance, but remember to turn it on and retrain one last time before production with ``secure_mode`` turned on.
  warnings.warn(
C:\Users\Mathivadhana\AppData\Local\Python\pythoncore-3.14-64\Lib\site-packages\opacus\accountants\analysis\rdp.py:332: UserWarning: Optimal order is the largest alpha. Please consider expanding the range of alphas to get a tighter privacy bound.
  warnings.warn(
C:\Users\Mathivadhana\AppData\Local\Python\pythoncore-3.14-64\Lib\site-packages\opacus\accountants\analysis\prv\prvs.py:67: RuntimeWarning: divide by zero encountered in log
  z = np.log(np.where(t > np.log(1 - q), (np.exp(t) + q - 1) / q, 1))
C:\Users\Mathivadhana\AppData\Local\Python\pythoncore-3.14-64\Lib\site-packages\opacus\accountants\analysis\prv\prvs.py:70: RuntimeWarning: divide by zero encountered in log
  t > np.log(1 - q),
c:\Users\Mathivadhana\Downloads\fl-health-project\experiments\..\clients\client.py:139: UserWarning: Full backward hook is firing when gradients are computed with respect to module outputs since no inputs require gradients. See https://docs.pytorch.org/docs/main/generated/torch.nn.Module.html#torch.nn.Module.register_full_backward_hook for more details.
  loss.backward()
C:\Users\Mathivadhana\AppData\Local\Python\pythoncore-3.14-64\Lib\site-packages\opacus\privacy_engine.py:98: UserWarning: Secure RNG turned off. This is perfectly fine for experimentation as it allows for much faster training performance, but remember to turn it on and retrain one last time before production with ``secure_mode`` turned on.
  warnings.warn(
C:\Users\Mathivadhana\AppData\Local\Python\pythoncore-3.14-64\Lib\site-packages\opacus\accountants\analysis\rdp.py:332: UserWarning: Optimal order is the largest alpha. Please consider expanding the range of alphas to get a tighter privacy bound.
  warnings.warn(
C:\Users\Mathivadhana\AppData\Local\Python\pythoncore-3.14-64\Lib\site-packages\opacus\accountants\analysis\prv\prvs.py:67: RuntimeWarning: divide by zero encountered in log
  z = np.log(np.where(t > np.log(1 - q), (np.exp(t) + q - 1) / q, 1))
C:\Users\Mathivadhana\AppData\Local\Python\pythoncore-3.14-64\Lib\site-packages\opacus\accountants\analysis\prv\prvs.py:70: RuntimeWarning: divide by zero encountered in log
  t > np.log(1 - q),
c:\Users\Mathivadhana\Downloads\fl-health-project\experiments\..\clients\client.py:139: UserWarning: Full backward hook is firing when gradients are computed with respect to module outputs since no inputs require gradients. See https://docs.pytorch.org/docs/main/generated/torch.nn.Module.html#torch.nn.Module.register_full_backward_hook for more details.
  loss.backward()
C:\Users\Mathivadhana\AppData\Local\Python\pythoncore-3.14-64\Lib\site-packages\opacus\privacy_engine.py:98: UserWarning: Secure RNG turned off. This is perfectly fine for experimentation as it allows for much faster training performance, but remember to turn it on and retrain one last time before production with ``secure_mode`` turned on.
  warnings.warn(
C:\Users\Mathivadhana\AppData\Local\Python\pythoncore-3.14-64\Lib\site-packages\opacus\accountants\analysis\rdp.py:332: UserWarning: Optimal order is the largest alpha. Please consider expanding the range of alphas to get a tighter privacy bound.
  warnings.warn(
C:\Users\Mathivadhana\AppData\Local\Python\pythoncore-3.14-64\Lib\site-packages\opacus\accountants\analysis\prv\prvs.py:67: RuntimeWarning: divide by zero encountered in log
  z = np.log(np.where(t > np.log(1 - q), (np.exp(t) + q - 1) / q, 1))
C:\Users\Mathivadhana\AppData\Local\Python\pythoncore-3.14-64\Lib\site-packages\opacus\accountants\analysis\prv\prvs.py:70: RuntimeWarning: divide by zero encountered in log
  t > np.log(1 - q),
c:\Users\Mathivadhana\Downloads\fl-health-project\experiments\..\clients\client.py:139: UserWarning: Full backward hook is firing when gradients are computed with respect to module outputs since no inputs require gradients. See https://docs.pytorch.org/docs/main/generated/torch.nn.Module.html#torch.nn.Module.register_full_backward_hook for more details.
  loss.backward()
C:\Users\Mathivadhana\AppData\Local\Python\pythoncore-3.14-64\Lib\site-packages\opacus\privacy_engine.py:98: UserWarning: Secure RNG turned off. This is perfectly fine for experimentation as it allows for much faster training performance, but remember to turn it on and retrain one last time before production with ``secure_mode`` turned on.
  warnings.warn(
C:\Users\Mathivadhana\AppData\Local\Python\pythoncore-3.14-64\Lib\site-packages\opacus\accountants\analysis\rdp.py:332: UserWarning: Optimal order is the largest alpha. Please consider expanding the range of alphas to get a tighter privacy bound.
  warnings.warn(
C:\Users\Mathivadhana\AppData\Local\Python\pythoncore-3.14-64\Lib\site-packages\opacus\accountants\analysis\prv\prvs.py:67: RuntimeWarning: divide by zero encountered in log
  z = np.log(np.where(t > np.log(1 - q), (np.exp(t) + q - 1) / q, 1))
C:\Users\Mathivadhana\AppData\Local\Python\pythoncore-3.14-64\Lib\site-packages\opacus\accountants\analysis\prv\prvs.py:70: RuntimeWarning: divide by zero encountered in log
  t > np.log(1 - q),
c:\Users\Mathivadhana\Downloads\fl-health-project\experiments\..\clients\client.py:139: UserWarning: Full backward hook is firing when gradients are computed with respect to module outputs since no inputs require gradients. See https://docs.pytorch.org/docs/main/generated/torch.nn.Module.html#torch.nn.Module.register_full_backward_hook for more details.
  loss.backward()
C:\Users\Mathivadhana\AppData\Local\Python\pythoncore-3.14-64\Lib\site-packages\opacus\privacy_engine.py:98: UserWarning: Secure RNG turned off. This is perfectly fine for experimentation as it allows for much faster training performance, but remember to turn it on and retrain one last time before production with ``secure_mode`` turned on.
  warnings.warn(
C:\Users\Mathivadhana\AppData\Local\Python\pythoncore-3.14-64\Lib\site-packages\opacus\accountants\analysis\rdp.py:332: UserWarning: Optimal order is the largest alpha. Please consider expanding the range of alphas to get a tighter privacy bound.
  warnings.warn(
C:\Users\Mathivadhana\AppData\Local\Python\pythoncore-3.14-64\Lib\site-packages\opacus\accountants\analysis\prv\prvs.py:67: RuntimeWarning: divide by zero encountered in log
  z = np.log(np.where(t > np.log(1 - q), (np.exp(t) + q - 1) / q, 1))
C:\Users\Mathivadhana\AppData\Local\Python\pythoncore-3.14-64\Lib\site-packages\opacus\accountants\analysis\prv\prvs.py:70: RuntimeWarning: divide by zero encountered in log
  t > np.log(1 - q),
c:\Users\Mathivadhana\Downloads\fl-health-project\experiments\..\clients\client.py:139: UserWarning: Full backward hook is firing when gradients are computed with respect to module outputs since no inputs require gradients. See https://docs.pytorch.org/docs/main/generated/torch.nn.Module.html#torch.nn.Module.register_full_backward_hook for more details.
  loss.backward()
MetricsReporter initialized with backend URL: http://localhost:8080/api/v1/fl
Successfully started training run #4 on backend.
============================================================
ASFA FEDERATED LEARNING EXPERIMENT
============================================================
Clients: 3, Rounds: 5
Aggregation: median
Attackers: 30% (label_flip)
Quarantine: 3 rounds, Rollback threshold: 0.15
============================================================
Initializing dataset manager for pathmnist (3 clients)...
Attacker assignments: {0: None, 1: None, 2: None}
Set client 0 dataset size limit to 20 (Requested: 20)
Set client 1 dataset size limit to 20 (Requested: 20)
Set client 2 dataset size limit to 20 (Requested: 20)
Round   1/5 | Acc: 0.1080 | Loss: 2.2165 | eps: 5.99 | Q: 0 | RB: 0 | Time: 7.3s
Round   2/5 | Acc: 0.1100 | Loss: 2.2152 | eps: 5.99 | Q: 0 | RB: 0 | Time: 4.0s
Round   3/5 | Acc: 0.1080 | Loss: 2.2161 | eps: 5.99 | Q: 0 | RB: 0 | Time: 1.9s
Round   4/5 | Acc: 0.1180 | Loss: 2.2175 | eps: 5.99 | Q: 0 | RB: 0 | Time: 4.1s
Round   5/5 | Acc: 0.1200 | Loss: 2.2141 | eps: 5.99 | Q: 0 | RB: 0 | Time: 4.0s

[SUCCESS] Results saved to results/asfa_pathmnist_20260710_001629.csv
Traceback (most recent call last):
  File "c:\Users\Mathivadhana\Downloads\fl-health-project\experiments\run_fl_asfa.py", line 437, in <module>
    main()
    ~~~~^^
  File "c:\Users\Mathivadhana\Downloads\fl-health-project\experiments\run_fl_asfa.py", line 433, in main
    run_asfa(config)
    ~~~~~~~~^^^^^^^^
  File "c:\Users\Mathivadhana\Downloads\fl-health-project\experiments\run_fl_asfa.py", line 403, in run_asfa
    reporter.send_run_complete(
    ~~~~~~~~~~~~~~~~~~~~~~~~~~^
        final_accuracy=eval_metrics["accuracy"],
        ^^^^^^^^^^^^^^^^^^^^^^^^^^^^^^^^^^^^^^^^
        final_loss=eval_metrics["loss"],
        ^^^^^^^^^^^^^^^^^^^^^^^^^^^^^^^^
        final_epsilon=avg_epsilon
        ^^^^^^^^^^^^^^^^^^^^^^^^^
    )
    ^
  File "c:\Users\Mathivadhana\Downloads\fl-health-project\experiments\..\reporting\metrics_reporter.py", line 93, in send_run_complete
    confusion_matrix = [[int(np.random.poisson(lam=15 if i==j else 2)) for j in range(9)] for i in range(9)]
                             ^^
UnboundLocalError: cannot access local variable 'np' where it is not associated with a value
